\BOOKMARK [1][-]{section.1}{\376\377\000I\000n\000t\000r\000o\000d\000u\000c\000c\000i\000\363\000n}{}% 1
\BOOKMARK [1][-]{section.2}{\376\377\000F\000u\000e\000n\000t\000e\000s\000\040\000d\000e\000\040\000d\000a\000t\000o\000s}{}% 2
\BOOKMARK [2][-]{subsection.2.1}{\376\377\000D\000a\000t\000o\000s\000\040\000m\000e\000t\000e\000o\000r\000o\000l\000\363\000g\000i\000c\000o\000s}{section.2}% 3
\BOOKMARK [2][-]{subsection.2.2}{\376\377\000D\000a\000t\000o\000s\000\040\000s\000a\000t\000e\000l\000i\000t\000a\000l\000e\000s}{section.2}% 4
\BOOKMARK [2][-]{subsection.2.3}{\376\377\000I\000n\000v\000e\000n\000t\000a\000r\000i\000o\000\040\000F\000o\000r\000e\000s\000t\000a\000l\000\040\000N\000a\000c\000i\000o\000n\000a\000l\000\040\000\050\000I\000F\000N\000\051}{section.2}% 5
\BOOKMARK [2][-]{subsection.2.4}{\376\377\000I\000m\000\341\000g\000e\000n\000e\000s\000\040\000a\000\351\000r\000e\000a\000s\000\040\000\050\000O\000r\000t\000o\000f\000o\000t\000o\000s\000\040\000d\000e\000l\000\040\000P\000N\000O\000A\000\051}{section.2}% 6
\BOOKMARK [1][-]{section.3}{\376\377\000M\000e\000t\000o\000d\000o\000l\000o\000g\000\355\000a\000\040\000d\000e\000\040\000i\000n\000t\000e\000g\000r\000a\000c\000i\000\363\000n}{}% 7
\BOOKMARK [2][-]{subsection.3.1}{\376\377\000P\000r\000e\000p\000r\000o\000c\000e\000s\000a\000d\000o\000\040\000d\000e\000\040\000l\000o\000s\000\040\000d\000a\000t\000o\000s}{section.3}% 8
\BOOKMARK [3][-]{subsubsection.3.1.1}{\376\377\000D\000a\000t\000o\000s\000\040\000s\000a\000t\000e\000l\000i\000t\000a\000l\000e\000s}{subsection.3.1}% 9
\BOOKMARK [2][-]{subsection.3.2}{\376\377\000D\000a\000t\000o\000s\000\040\000m\000e\000t\000e\000o\000r\000o\000l\000\363\000g\000i\000c\000o\000s\000\040\000y\000\040\000c\000l\000i\000m\000\341\000t\000i\000c\000o\000s}{section.3}% 10
\BOOKMARK [3][-]{subsubsection.3.2.1}{\376\377\000I\000n\000v\000e\000n\000t\000a\000r\000i\000o\000\040\000F\000o\000r\000e\000s\000t\000a\000l\000\040\000N\000a\000c\000i\000o\000n\000a\000l}{subsection.3.2}% 11
\BOOKMARK [1][-]{section.4}{\376\377\000E\000s\000t\000r\000u\000c\000t\000u\000r\000a\000\040\000d\000e\000\040\000l\000a\000\040\000b\000a\000s\000e\000\040\000d\000e\000\040\000d\000a\000t\000o\000s}{}% 12
\BOOKMARK [1][-]{section.5}{\376\377\000D\000i\000s\000p\000o\000n\000i\000b\000i\000l\000i\000d\000a\000d\000\040\000d\000e\000\040\000l\000o\000s\000\040\000d\000a\000t\000o\000s}{}% 13
\BOOKMARK [1][-]{section.6}{\376\377\000A\000p\000l\000i\000c\000a\000c\000i\000o\000n\000e\000s\000\040\000p\000o\000t\000e\000n\000c\000i\000a\000l\000e\000s}{}% 14
\BOOKMARK [1][-]{section.7}{\376\377\000R\000e\000v\000i\000s\000i\000\363\000n\000\040\000d\000e\000\040\000c\000a\000l\000i\000d\000a\000d\000\040\000d\000e\000\040\000l\000o\000s\000\040\000d\000a\000t\000o\000s\000\040\000o\000r\000i\000g\000i\000n\000a\000l\000e\000s\000\040\000d\000e\000l\000\040\000I\000F\000N}{}% 15
\BOOKMARK [2][-]{subsection.7.1}{\376\377\000I\000n\000c\000o\000n\000s\000i\000s\000t\000e\000n\000c\000i\000a\000s\000\040\000t\000e\000r\000r\000i\000t\000o\000r\000i\000a\000l\000e\000s\000\040\000e\000n\000\040\000l\000a\000\040\000e\000s\000t\000r\000u\000c\000t\000u\000r\000a\000\040\000d\000e\000\040\000l\000o\000s\000\040\000d\000a\000t\000o\000s\000\040\000d\000e\000l\000\040\000I\000F\000N\0004}{section.7}% 16
\BOOKMARK [2][-]{subsection.7.2}{\376\377\000P\000r\000o\000b\000l\000e\000m\000a\000s\000\040\000e\000n\000\040\000l\000a\000\040\000l\000o\000c\000a\000l\000i\000z\000a\000c\000i\000\363\000n\000\040\000d\000e\000\040\000l\000a\000s\000\040\000p\000a\000r\000c\000e\000l\000a\000s}{section.7}% 17
\BOOKMARK [2][-]{subsection.7.3}{\376\377\000D\000i\000s\000c\000r\000e\000p\000a\000n\000c\000i\000a\000\040\000e\000n\000\040\000l\000a\000\040\000e\000s\000c\000a\000l\000a\000\040\000d\000e\000\040\000c\000o\000o\000r\000d\000e\000n\000a\000d\000a\000s\000\040\000d\000e\000l\000\040\000I\000F\000N\0002}{section.7}% 18
\BOOKMARK [2][-]{subsection.7.4}{\376\377\000U\000n\000i\000d\000a\000d\000e\000s\000\040\000i\000n\000c\000o\000r\000r\000e\000c\000t\000a\000s\000\040\000e\000n\000\040\000l\000a\000s\000\040\000v\000a\000r\000i\000a\000b\000l\000e\000s\000\040\000C\000A\000\040\000y\000\040\000C\000R\000\040\000d\000e\000\040\000M\000a\000y\000o\000r\000e\000s\000\137\000e\000x\000s\000\040\000S\000I\000G\000\040\000I\000F\000N\0004}{section.7}% 19
\BOOKMARK [1][-]{section.8}{\376\377\000L\000i\000m\000i\000t\000a\000c\000i\000o\000n\000e\000s\000\040\000y\000\040\000d\000i\000s\000c\000u\000s\000i\000\363\000n}{}% 20
\BOOKMARK [1][-]{section.9}{\376\377\000C\000o\000n\000c\000l\000u\000s\000i\000\363\000n}{}% 21
\BOOKMARK [1][-]{section.10}{\376\377\000A\000n\000e\000x\000o\000s}{}% 22
\BOOKMARK [2][-]{subsection.10.1}{\376\377\000A\000n\000e\000x\000o\000:\000\040\000C\000\363\000d\000i\000g\000o\000s\000\040\000d\000e\000\040\000p\000r\000o\000v\000i\000n\000c\000i\000a\000s\000\040\000d\000e\000\040\000E\000s\000p\000a\000\361\000a}{section.10}% 23
\BOOKMARK [2][-]{subsection.10.2}{\376\377\000A\000n\000e\000x\000o\000:\000\040\000R\000o\000c\000o\000s\000i\000d\000a\000d}{section.10}% 24
\BOOKMARK [2][-]{subsection.10.3}{\376\377\000A\000n\000e\000x\000o\000:\000\040\000T\000i\000p\000o\000\040\000d\000e\000\040\000S\000u\000e\000l\000o}{section.10}% 25
\BOOKMARK [2][-]{subsection.10.4}{\376\377\000A\000n\000e\000x\000o\000:\000\040\000M\000a\000n\000i\000f\000e\000s\000t\000a\000c\000i\000o\000n\000e\000s\000\040\000E\000r\000o\000s\000i\000v\000a\000s}{section.10}% 26
\BOOKMARK [2][-]{subsection.10.5}{\376\377\000A\000n\000e\000x\000o\000:\000\040\000D\000i\000s\000t\000r\000i\000b\000u\000c\000i\000\363\000n\000\040\000E\000s\000p\000a\000c\000i\000a\000l}{section.10}% 27
\BOOKMARK [2][-]{subsection.10.6}{\376\377\000A\000n\000e\000x\000o\000:\000\040\000C\000o\000m\000p\000o\000s\000i\000c\000i\000\363\000n\000\040\000E\000s\000p\000e\000c\000\355\000f\000i\000c\000a}{section.10}% 28
\BOOKMARK [2][-]{subsection.10.7}{\376\377\000A\000n\000e\000x\000o\000:\000\040\000N\000i\000v\000e\000l\000\040\000d\000e\000\040\000u\000s\000o\000s\000\040\000d\000e\000l\000\040\000s\000u\000e\000l\000o}{section.10}% 29
\BOOKMARK [2][-]{subsection.10.8}{\376\377\000A\000n\000e\000x\000o\000:\000\040\000N\000i\000v\000e\000l\000\040\000m\000o\000r\000f\000o\000e\000s\000t\000r\000u\000c\000t\000u\000r\000a\000l}{section.10}% 30
\BOOKMARK [2][-]{subsection.10.9}{\376\377\000A\000n\000e\000x\000o\000:\000\040\000C\000o\000n\000t\000e\000n\000i\000d\000o\000\040\000e\000n\000\040\000M\000a\000t\000e\000r\000i\000a\000\040\000O\000r\000g\000\341\000n\000i\000c\000a}{section.10}% 31
\BOOKMARK [2][-]{subsection.10.10}{\376\377\000A\000n\000e\000x\000o\000:\000\040\000M\000o\000d\000e\000l\000o\000\040\000d\000e\000\040\000c\000o\000m\000b\000u\000s\000t\000i\000b\000l\000e}{section.10}% 32
\BOOKMARK [2][-]{subsection.10.11}{\376\377\000A\000n\000e\000x\000o\000:\000\040\000C\000a\000t\000e\000g\000o\000r\000\355\000a\000\040\000d\000e\000\040\000D\000e\000s\000a\000r\000r\000o\000l\000l\000o}{section.10}% 33
\BOOKMARK [2][-]{subsection.10.12}{\376\377\000A\000n\000e\000x\000o\000:\000\040\000T\000i\000p\000o\000\040\000d\000e\000\040\000R\000e\000g\000e\000n\000e\000r\000a\000c\000i\000\363\000n}{section.10}% 34
\BOOKMARK [2][-]{subsection.10.13}{\376\377\000A\000n\000e\000x\000o\000:\000\040\000E\000s\000t\000a\000d\000o\000\040\000d\000e\000\040\000l\000a\000s\000\040\000P\000o\000b\000l\000a\000c\000i\000o\000n\000e\000s\000\040\000\050\000I\000F\000N\0003\000\040\000e\000\040\000I\000F\000N\0004\000\051}{section.10}% 35
\BOOKMARK [2][-]{subsection.10.14}{\376\377\000A\000n\000e\000x\000o\000:\000\040\000F\000o\000r\000m\000a\000\040\000P\000r\000i\000n\000c\000i\000p\000a\000l\000\040\000d\000e\000\040\000M\000a\000s\000a\000\040\000\050\000I\000F\000N\0003\000\040\000e\000\040\000I\000F\000N\0004\000\051}{section.10}% 36
\BOOKMARK [2][-]{subsection.10.15}{\376\377\000A\000n\000e\000x\000o\000:\000\040\000T\000r\000a\000t\000a\000m\000i\000e\000n\000t\000o\000\040\000d\000e\000\040\000l\000a\000\040\000M\000a\000s\000a\000\040\000\050\000I\000F\000N\0003\000\040\000e\000\040\000I\000F\000N\0004\000\051}{section.10}% 37
\BOOKMARK [2][-]{subsection.10.16}{\376\377\000A\000n\000e\000x\000o\000:\000\040\000O\000r\000i\000g\000e\000n\000\040\000d\000e\000\040\000l\000a\000\040\000M\000a\000s\000a\000\040\000\050\000I\000F\000N\0003\000\040\000e\000\040\000I\000F\000N\0004\000\051}{section.10}% 38
\BOOKMARK [2][-]{subsection.10.17}{\376\377\000A\000n\000e\000x\000o\000:\000\040\000M\000A\000S\000A\000\040\000\050\000I\000F\000N\0002\000\051}{section.10}% 39
\BOOKMARK [2][-]{subsection.10.18}{\376\377\000A\000n\000e\000x\000o\000:\000\040\000E\000s\000t\000a\000d\000o\000\040\000\050\000I\000F\000N\0002\000\051}{section.10}% 40
\BOOKMARK [2][-]{subsection.10.19}{\376\377\000A\000n\000e\000x\000o\000:\000\040\000O\000r\000i\000g\000e\000n\000\040\000\050\000I\000F\000N\0002\000\051}{section.10}% 41
\BOOKMARK [2][-]{subsection.10.20}{\376\377\000A\000n\000e\000x\000o\000:\000\040\000O\000r\000i\000g\000e\000n\000\040\000y\000\040\000c\000\341\000l\000c\000u\000l\000o\000\040\000d\000e\000\040\000l\000a\000s\000\040\000v\000a\000r\000i\000a\000b\000l\000e\000s\000\040\000C\000A\000\040\000y\000\040\000C\000R}{section.10}% 42
\BOOKMARK [2][-]{subsection.10.21}{\376\377\000A\000n\000e\000x\000o\000:\000\040\000C\000\363\000d\000i\000g\000o\000\040\000d\000e\000\040\000l\000a\000s\000\040\000e\000s\000p\000e\000c\000i\000e\000s}{section.10}% 43
